[AD Thread-Metric Reporter0] 21 Dec 2015 18:20:28,757  INFO MetricSender - Sending REST request - URL [/controller/instance/3/metricregistration]
<request>
<node-id>9</node-id>
<agent-type>APP_AGENT</agent-type>
<metric	time-rollup-type="SUM"	name="JVM|Garbage Collection|Minor Collection Time Spent Per Min (ms)"	hole-fill-type="REGULAR_COUNTER"	cluster-rollup-type="INDIVIDUAL"/>
<metric	time-rollup-type="AVERAGE"	name="BTM|Application Summary|Calls per Minute"	hole-fill-type="RATE_COUNTER"	cluster-rollup-type="COLLECTIVE"/>
<metric	time-rollup-type="CURRENT"	name="JVM|Memory:Heap|Used %"	hole-fill-type="REGULAR_COUNTER"	cluster-rollup-type="INDIVIDUAL"/>
<metric	time-rollup-type="CURRENT"	name="JVM|Classes|Current Loaded Class Count"	hole-fill-type="REGULAR_COUNTER"	cluster-rollup-type="INDIVIDUAL"/>
<metric	time-rollup-type="CURRENT"	name="JVM|Memory:Heap|Current Usage (MB)"	hole-fill-type="REGULAR_COUNTER"	cluster-rollup-type="INDIVIDUAL"/>
<metric	time-rollup-type="SUM"	name="BTM|Application Summary|Number of Slow Calls"	hole-fill-type="REGULAR_COUNTER"	cluster-rollup-type="COLLECTIVE"/>
<metric	time-rollup-type="AVERAGE"	name="JVM|Process CPU Usage %"	hole-fill-type="REGULAR_COUNTER"	cluster-rollup-type="INDIVIDUAL"/>
<metric	time-rollup-type="CURRENT"	name="JVM|Threads|Current No. of Threads"	hole-fill-type="REGULAR_COUNTER"	cluster-rollup-type="INDIVIDUAL"/>
<metric	time-rollup-type="SUM"	name="JVM|Garbage Collection|Number of Major Collections Per Min"	hole-fill-type="REGULAR_COUNTER"	cluster-rollup-type="INDIVIDUAL"/>
<metric	time-rollup-type="SUM"	name="BTM|Application Summary|Number of Very Slow Calls"	hole-fill-type="REGULAR_COUNTER"	cluster-rollup-type="COLLECTIVE"/>
<metric	time-rollup-type="AVERAGE"	name="BTM|Application Summary|Errors per Minute"	hole-fill-type="RATE_COUNTER"	cluster-rollup-type="COLLECTIVE"/>
<metric	time-rollup-type="AVERAGE"	name="BTM|Application Summary|End to End Messages per Minute"	hole-fill-type="RATE_COUNTER"	cluster-rollup-type="COLLECTIVE"/>
<metric	time-rollup-type="AVERAGE"	name="BTM|Application Summary|Average End to End Latency (ms)"	hole-fill-type="REGULAR_COUNTER"	cluster-rollup-type="INDIVIDUAL"/>
<metric	time-rollup-type="AVERAGE"	name="BTM|Application Summary|Average Response Time (ms)"	hole-fill-type="REGULAR_COUNTER"	cluster-rollup-type="INDIVIDUAL"/>
<metric	time-rollup-type="AVERAGE"	name="BTM|Application Summary|Normal Average Response Time (ms)"	hole-fill-type="REGULAR_COUNTER"	cluster-rollup-type="INDIVIDUAL"/>
<metric	time-rollup-type="CURRENT"	name="JVM|Memory:Non-Heap|Current Usage (MB)"	hole-fill-type="REGULAR_COUNTER"	cluster-rollup-type="INDIVIDUAL"/>
<metric	time-rollup-type="CURRENT"	name="JVM|Memory:Heap|Max Available (MB)"	hole-fill-type="REGULAR_COUNTER"	cluster-rollup-type="INDIVIDUAL"/>
<metric	time-rollup-type="SUM"	name="JVM|Garbage Collection|Number of Minor Collections Per Min"	hole-fill-type="REGULAR_COUNTER"	cluster-rollup-type="INDIVIDUAL"/>
<metric	time-rollup-type="CURRENT"	name="JVM|Memory:Non-Heap|Max Available (MB)"	hole-fill-type="REGULAR_COUNTER"	cluster-rollup-type="INDIVIDUAL"/>
<metric	time-rollup-type="AVERAGE"	name="BTM|Application Summary|Infrastructure Errors per Minute"	hole-fill-type="RATE_COUNTER"	cluster-rollup-type="COLLECTIVE"/>
<metric	time-rollup-type="SUM"	name="JVM|Garbage Collection|Major Collection Time Spent Per Min (ms)"	hole-fill-type="REGULAR_COUNTER"	cluster-rollup-type="INDIVIDUAL"/>
<metric	time-rollup-type="CURRENT"	name="JVM|Memory:Non-Heap|Committed (MB)"	hole-fill-type="REGULAR_COUNTER"	cluster-rollup-type="INDIVIDUAL"/>
<metric	time-rollup-type="SUM"	name="BTM|Application Summary|Number of Slow End to End Messages"	hole-fill-type="REGULAR_COUNTER"	cluster-rollup-type="COLLECTIVE"/>
<metric	time-rollup-type="CURRENT"	name="JVM|Process CPU Burnt (ms/min)"	hole-fill-type="REGULAR_COUNTER"	cluster-rollup-type="INDIVIDUAL"/>
<metric	time-rollup-type="CURRENT"	name="JVM|Classes|Total Classes Loaded"	hole-fill-type="REGULAR_COUNTER"	cluster-rollup-type="INDIVIDUAL"/>
<metric	time-rollup-type="SUM"	name="JVM|Garbage Collection|GC Time Spent Per Min (ms)"	hole-fill-type="REGULAR_COUNTER"	cluster-rollup-type="INDIVIDUAL"/>
<metric	time-rollup-type="CURRENT"	name="JVM|Memory:Non-Heap|Used %"	hole-fill-type="REGULAR_COUNTER"	cluster-rollup-type="INDIVIDUAL"/>
<metric	time-rollup-type="CURRENT"	name="JVM|Memory:Heap|Committed (MB)"	hole-fill-type="REGULAR_COUNTER"	cluster-rollup-type="INDIVIDUAL"/>
<metric	time-rollup-type="SUM"	name="BTM|Application Summary|Stall Count"	hole-fill-type="REGULAR_COUNTER"	cluster-rollup-type="COLLECTIVE"/>
<account-key>369f11ab-fca9-48d5-ba27-98dc4c281d52</account-key>
</request>

[AD Thread-Metric Reporter0] 21 Dec 2015 18:20:28,786  INFO MetricSender - REST Response Received - URL [/controller/instance/3/metricregistration]
<request>
<metric	id="2702"	name="JVM|Classes|Current Loaded Class Count"/>
<metric	id="2885"	name="BTM|Application Summary|Calls per Minute"/>
<metric	id="2894"	name="JVM|Process CPU Usage %"/>
<metric	id="2708"	name="JVM|Memory:Non-Heap|Max Available (MB)"/>
<metric	id="2888"	name="BTM|Application Summary|Infrastructure Errors per Minute"/>
<metric	id="2711"	name="JVM|Memory:Heap|Current Usage (MB)"/>
<metric	id="2712"	name="JVM|Memory:Non-Heap|Current Usage (MB)"/>
<metric	id="2892"	name="BTM|Application Summary|Number of Very Slow Calls"/>
<metric	id="2715"	name="JVM|Garbage Collection|Number of Minor Collections Per Min"/>
<metric	id="2886"	name="BTM|Application Summary|End to End Messages per Minute"/>
<metric	id="2889"	name="BTM|Application Summary|Normal Average Response Time (ms)"/>
<metric	id="2717"	name="JVM|Memory:Heap|Committed (MB)"/>
<metric	id="2891"	name="BTM|Application Summary|Number of Slow End to End Messages"/>
<metric	id="2703"	name="JVM|Garbage Collection|GC Time Spent Per Min (ms)"/>
<metric	id="2704"	name="JVM|Memory:Non-Heap|Committed (MB)"/>
<metric	id="2705"	name="JVM|Garbage Collection|Minor Collection Time Spent Per Min (ms)"/>
<metric	id="2707"	name="JVM|Classes|Total Classes Loaded"/>
<metric	id="2706"	name="JVM|Garbage Collection|Major Collection Time Spent Per Min (ms)"/>
<metric	id="2890"	name="BTM|Application Summary|Number of Slow Calls"/>
<metric	id="2884"	name="BTM|Application Summary|Average Response Time (ms)"/>
<metric	id="2709"	name="JVM|Garbage Collection|Number of Major Collections Per Min"/>
<metric	id="2883"	name="BTM|Application Summary|Average End to End Latency (ms)"/>
<metric	id="2710"	name="JVM|Memory:Heap|Max Available (MB)"/>
<metric	id="2713"	name="JVM|Process CPU Burnt (ms/min)"/>
<metric	id="2714"	name="JVM|Threads|Current No. of Threads"/>
<metric	id="2893"	name="BTM|Application Summary|Stall Count"/>
<metric	id="2716"	name="JVM|Memory:Heap|Used %"/>
<metric	id="2718"	name="JVM|Memory:Non-Heap|Used %"/>
<metric	id="2887"	name="BTM|Application Summary|Errors per Minute"/>
</request>

[AD Thread-Metric Reporter0] 21 Dec 2015 18:21:28,754  INFO MetricSender - Sending REST request - URL [/controller/instance/3/metricregistration]
<request>
<node-id>9</node-id>
<agent-type>APP_AGENT</agent-type>
<metric	time-rollup-type="CURRENT"	name="JVM|Garbage Collection|Memory Pools:PS Perm Gen|Committed (MB)"	hole-fill-type="REGULAR_COUNTER"	cluster-rollup-type="INDIVIDUAL"/>
<metric	time-rollup-type="CURRENT"	name="JVM|Garbage Collection|Memory Pools:PS Survivor Space|Committed (MB)"	hole-fill-type="REGULAR_COUNTER"	cluster-rollup-type="INDIVIDUAL"/>
<metric	time-rollup-type="CURRENT"	name="JVM|Garbage Collection|Memory Pools:Code Cache|Current Usage (MB)"	hole-fill-type="REGULAR_COUNTER"	cluster-rollup-type="INDIVIDUAL"/>
<metric	time-rollup-type="CURRENT"	name="JVM|Garbage Collection|Memory Pools:PS Eden Space|Committed (MB)"	hole-fill-type="REGULAR_COUNTER"	cluster-rollup-type="INDIVIDUAL"/>
<metric	time-rollup-type="CURRENT"	name="JVM|Garbage Collection|Memory Pools:Code Cache|Committed (MB)"	hole-fill-type="REGULAR_COUNTER"	cluster-rollup-type="INDIVIDUAL"/>
<metric	time-rollup-type="CURRENT"	name="JVM|Garbage Collection|Memory Pools:PS Old Gen|Current Usage (MB)"	hole-fill-type="REGULAR_COUNTER"	cluster-rollup-type="INDIVIDUAL"/>
<metric	time-rollup-type="CURRENT"	name="JVM|Garbage Collection|Memory Pools:PS Eden Space|Max Available (MB)"	hole-fill-type="REGULAR_COUNTER"	cluster-rollup-type="INDIVIDUAL"/>
<metric	time-rollup-type="CURRENT"	name="JVM|Garbage Collection|Memory Pools:PS Perm Gen|Current Usage (MB)"	hole-fill-type="REGULAR_COUNTER"	cluster-rollup-type="INDIVIDUAL"/>
<metric	time-rollup-type="CURRENT"	name="JVM|Garbage Collection|Memory Pools:PS Perm Gen|Max Available (MB)"	hole-fill-type="REGULAR_COUNTER"	cluster-rollup-type="INDIVIDUAL"/>
<metric	time-rollup-type="CURRENT"	name="JVM|Garbage Collection|Memory Pools:PS Survivor Space|Current Usage (MB)"	hole-fill-type="REGULAR_COUNTER"	cluster-rollup-type="INDIVIDUAL"/>
<metric	time-rollup-type="CURRENT"	name="JVM|Garbage Collection|Memory Pools:PS Eden Space|Current Usage (MB)"	hole-fill-type="REGULAR_COUNTER"	cluster-rollup-type="INDIVIDUAL"/>
<metric	time-rollup-type="CURRENT"	name="JVM|Garbage Collection|Memory Pools:PS Old Gen|Committed (MB)"	hole-fill-type="REGULAR_COUNTER"	cluster-rollup-type="INDIVIDUAL"/>
<metric	time-rollup-type="CURRENT"	name="JVM|Garbage Collection|Memory Pools:Code Cache|Max Available (MB)"	hole-fill-type="REGULAR_COUNTER"	cluster-rollup-type="INDIVIDUAL"/>
<metric	time-rollup-type="CURRENT"	name="JVM|Garbage Collection|Memory Pools:PS Old Gen|Max Available (MB)"	hole-fill-type="REGULAR_COUNTER"	cluster-rollup-type="INDIVIDUAL"/>
<metric	time-rollup-type="CURRENT"	name="JVM|Garbage Collection|Memory Pools:PS Survivor Space|Max Available (MB)"	hole-fill-type="REGULAR_COUNTER"	cluster-rollup-type="INDIVIDUAL"/>
<account-key>369f11ab-fca9-48d5-ba27-98dc4c281d52</account-key>
</request>

[AD Thread-Metric Reporter0] 21 Dec 2015 18:21:28,777  INFO MetricSender - REST Response Received - URL [/controller/instance/3/metricregistration]
<request>
<metric	id="2995"	name="JVM|Garbage Collection|Memory Pools:PS Perm Gen|Max Available (MB)"/>
<metric	id="2998"	name="JVM|Garbage Collection|Memory Pools:PS Survivor Space|Max Available (MB)"/>
<metric	id="2993"	name="JVM|Garbage Collection|Memory Pools:PS Perm Gen|Committed (MB)"/>
<metric	id="2994"	name="JVM|Garbage Collection|Memory Pools:PS Perm Gen|Current Usage (MB)"/>
<metric	id="2987"	name="JVM|Garbage Collection|Memory Pools:PS Eden Space|Committed (MB)"/>
<metric	id="2988"	name="JVM|Garbage Collection|Memory Pools:PS Eden Space|Current Usage (MB)"/>
<metric	id="2991"	name="JVM|Garbage Collection|Memory Pools:PS Old Gen|Current Usage (MB)"/>
<metric	id="2997"	name="JVM|Garbage Collection|Memory Pools:PS Survivor Space|Current Usage (MB)"/>
<metric	id="2984"	name="JVM|Garbage Collection|Memory Pools:Code Cache|Committed (MB)"/>
<metric	id="2989"	name="JVM|Garbage Collection|Memory Pools:PS Eden Space|Max Available (MB)"/>
<metric	id="2992"	name="JVM|Garbage Collection|Memory Pools:PS Old Gen|Max Available (MB)"/>
<metric	id="2986"	name="JVM|Garbage Collection|Memory Pools:Code Cache|Max Available (MB)"/>
<metric	id="2996"	name="JVM|Garbage Collection|Memory Pools:PS Survivor Space|Committed (MB)"/>
<metric	id="2985"	name="JVM|Garbage Collection|Memory Pools:Code Cache|Current Usage (MB)"/>
<metric	id="2990"	name="JVM|Garbage Collection|Memory Pools:PS Old Gen|Committed (MB)"/>
</request>

[AD Thread-Metric Reporter0] 21 Dec 2015 18:28:28,759  INFO MetricSender - Sending REST request - URL [/controller/instance/3/metricregistration]
<request>
<node-id>9</node-id>
<agent-type>APP_AGENT</agent-type>
<metric	time-rollup-type="AVERAGE"	name="BTM|Application Summary|Component:9|Infrastructure Errors per Minute"	hole-fill-type="RATE_COUNTER"	cluster-rollup-type="COLLECTIVE"/>
<metric	time-rollup-type="AVERAGE"	name="BTM|Application Summary|Component:9|Calls per Minute"	hole-fill-type="RATE_COUNTER"	cluster-rollup-type="COLLECTIVE"/>
<metric	time-rollup-type="AVERAGE"	name="BTM|Application Summary|Component:9|Average Response Time (ms)"	hole-fill-type="REGULAR_COUNTER"	cluster-rollup-type="INDIVIDUAL"/>
<metric	time-rollup-type="SUM"	name="BTM|Application Summary|Component:9|Stall Count"	hole-fill-type="REGULAR_COUNTER"	cluster-rollup-type="COLLECTIVE"/>
<metric	time-rollup-type="SUM"	name="BTM|Application Summary|Component:9|Number of Slow Calls"	hole-fill-type="REGULAR_COUNTER"	cluster-rollup-type="COLLECTIVE"/>
<metric	time-rollup-type="AVERAGE"	name="BTM|Application Summary|Component:9|Errors per Minute"	hole-fill-type="RATE_COUNTER"	cluster-rollup-type="COLLECTIVE"/>
<metric	time-rollup-type="SUM"	name="BTM|Application Summary|Component:9|Number of Very Slow Calls"	hole-fill-type="REGULAR_COUNTER"	cluster-rollup-type="COLLECTIVE"/>
<account-key>369f11ab-fca9-48d5-ba27-98dc4c281d52</account-key>
</request>

[AD Thread-Metric Reporter0] 21 Dec 2015 18:28:28,807  INFO MetricSender - REST Response Received - URL [/controller/instance/3/metricregistration]
<request>
<metric	id="3596"	name="BTM|Application Summary|Component:9|Number of Very Slow Calls"/>
<metric	id="3597"	name="BTM|Application Summary|Component:9|Stall Count"/>
<metric	id="3592"	name="BTM|Application Summary|Component:9|Average Response Time (ms)"/>
<metric	id="3595"	name="BTM|Application Summary|Component:9|Number of Slow Calls"/>
<metric	id="3593"	name="BTM|Application Summary|Component:9|Calls per Minute"/>
<metric	id="3286"	name="BTM|Application Summary|Component:9|Infrastructure Errors per Minute"/>
<metric	id="3594"	name="BTM|Application Summary|Component:9|Errors per Minute"/>
</request>

[AD Thread Pool-Global2] 21 Dec 2015 18:35:09,368  INFO ErrorProcessor - REST - Sending Binary request - URL [/controller/instance/3/btregistration] 
********BT Registration Data********
<account-key>
369f11ab-fca9-48d5-ba27-98dc4c281d52
<account-key/>
<application-diagnostic-data>
Size : 1
<ApplicationDiagnosticData{key='java.io.IOException:', name=IOException, diagnosticType=ERROR, configEntities=null, summary='java.io.IOException'}>
<application-diagnostic-data/>
<node-id>
9
<node-id/>

[AD Thread Pool-Global2] 21 Dec 2015 18:35:09,374  INFO ErrorProcessor - REST
Sending Binary payload Size : 1271 bytes
[AD Thread Pool-Global2] 21 Dec 2015 18:35:09,395  INFO ErrorProcessor - REST - Reading Binary response - URL [null] - Size [1665]
********BT Registration Data********
<registered-backends>
Size : 0
<registered-backends/>
<business-transactions>
Size : 0
<business-transactions/>
<application-diagnostic-data>
Size : 1
<ERROR>::<{java.io.IOException:=43}>
<application-diagnostic-data/>
<unregistered-backends>
Size : 0
<unregistered-backends/>
<Status Message>
No transactions sent by agent to register
<Status Message/>
<resolved-backend-calls>
Size : 1
<5>::<NodeResolutionInfo[exitPointType=JMS, exitPointSubtype=JMS, properties=[Name:DESTINATION_NAME, Value:SE-LabOfDeath, Name:DESTINATION_TYPE, Value:QUEUE, Name:VENDOR, Value:JMS Server]]>
<resolved-backend-calls/>
<unregistered-transactions>
Size : 0
<unregistered-transactions/>
<invalid-backends>
Size : 0
<invalid-backends/>
<invalid-business-transactions>
Size : 0
<invalid-business-transactions/>

[AD Thread Pool-Global2] 21 Dec 2015 18:35:09,409  INFO ErrorProcessor - REST - Sending Binary request - URL [/controller/instance/3/btregistration] 
********BT Registration Data********
<account-key>
369f11ab-fca9-48d5-ba27-98dc4c281d52
<account-key/>
<application-diagnostic-data>
Size : 1
<ApplicationDiagnosticData{key='java.io.IOException:-132681347', name=java.io.IOException:, diagnosticType=STACK_TRACE, configEntities=[Type:ERROR, id:43], summary='java.io.IOException:'}>
<application-diagnostic-data/>
<node-id>
9
<node-id/>

[AD Thread Pool-Global2] 21 Dec 2015 18:35:09,412  INFO ErrorProcessor - REST
Sending Binary payload Size : 2605 bytes
[AD Thread Pool-Global2] 21 Dec 2015 18:35:09,433  INFO ErrorProcessor - REST - Reading Binary response - URL [null] - Size [1681]
********BT Registration Data********
<registered-backends>
Size : 0
<registered-backends/>
<business-transactions>
Size : 0
<business-transactions/>
<application-diagnostic-data>
Size : 1
<STACK_TRACE>::<{java.io.IOException:-132681347=44}>
<application-diagnostic-data/>
<unregistered-backends>
Size : 0
<unregistered-backends/>
<Status Message>
No transactions sent by agent to register
<Status Message/>
<resolved-backend-calls>
Size : 1
<5>::<NodeResolutionInfo[exitPointType=JMS, exitPointSubtype=JMS, properties=[Name:DESTINATION_NAME, Value:SE-LabOfDeath, Name:DESTINATION_TYPE, Value:QUEUE, Name:VENDOR, Value:JMS Server]]>
<resolved-backend-calls/>
<unregistered-transactions>
Size : 0
<unregistered-transactions/>
<invalid-backends>
Size : 0
<invalid-backends/>
<invalid-business-transactions>
Size : 0
<invalid-business-transactions/>

[AD Thread-Metric Reporter0] 21 Dec 2015 18:35:28,753  INFO MetricSender - Sending REST request - URL [/controller/instance/3/metricregistration]
<request>
<node-id>9</node-id>
<agent-type>APP_AGENT</agent-type>
<metric	time-rollup-type="AVERAGE"	name="BTM|Application Summary|HTTP Error Codes per Minute"	hole-fill-type="RATE_COUNTER"	cluster-rollup-type="COLLECTIVE"/>
<metric	time-rollup-type="AVERAGE"	name="BTM|Application Summary|Component:9|HTTP Error Codes per Minute"	hole-fill-type="RATE_COUNTER"	cluster-rollup-type="COLLECTIVE"/>
<metric	time-rollup-type="AVERAGE"	name="BTM|Application Summary|Exceptions per Minute"	hole-fill-type="RATE_COUNTER"	cluster-rollup-type="COLLECTIVE"/>
<metric	time-rollup-type="AVERAGE"	name="BTM|Application Summary|Component:9|Exceptions per Minute"	hole-fill-type="RATE_COUNTER"	cluster-rollup-type="COLLECTIVE"/>
<metric	time-rollup-type="AVERAGE"	name="BTM|Application Diagnostic Data|Error:43|Errors per Minute"	hole-fill-type="RATE_COUNTER"	cluster-rollup-type="COLLECTIVE"/>
<metric	time-rollup-type="AVERAGE"	name="BTM|Application Summary|Error Page Redirects per Minute"	hole-fill-type="RATE_COUNTER"	cluster-rollup-type="COLLECTIVE"/>
<metric	time-rollup-type="AVERAGE"	name="BTM|Application Summary|Component:9|Error Page Redirects per Minute"	hole-fill-type="RATE_COUNTER"	cluster-rollup-type="COLLECTIVE"/>
<account-key>369f11ab-fca9-48d5-ba27-98dc4c281d52</account-key>
</request>

[AD Thread-Metric Reporter0] 21 Dec 2015 18:35:28,773  INFO MetricSender - REST Response Received - URL [/controller/instance/3/metricregistration]
<request>
<metric	id="3237"	name="BTM|Application Summary|Error Page Redirects per Minute"/>
<metric	id="3239"	name="BTM|Application Summary|HTTP Error Codes per Minute"/>
<metric	id="3283"	name="BTM|Application Summary|Component:9|Error Page Redirects per Minute"/>
<metric	id="3281"	name="BTM|Application Diagnostic Data|Error:43|Errors per Minute"/>
<metric	id="3284"	name="BTM|Application Summary|Component:9|Exceptions per Minute"/>
<metric	id="3238"	name="BTM|Application Summary|Exceptions per Minute"/>
<metric	id="3285"	name="BTM|Application Summary|Component:9|HTTP Error Codes per Minute"/>
</request>

[AD Thread Pool-Global2] 21 Dec 2015 19:38:29,362  INFO ErrorProcessor - REST - Sending Binary request - URL [/controller/instance/3/btregistration] 
********BT Registration Data********
<account-key>
369f11ab-fca9-48d5-ba27-98dc4c281d52
<account-key/>
<application-diagnostic-data>
Size : 1
<ApplicationDiagnosticData{key='java.net.SocketException:', name=SocketException, diagnosticType=ERROR, configEntities=null, summary='java.net.SocketException'}>
<application-diagnostic-data/>
<node-id>
9
<node-id/>

[AD Thread Pool-Global2] 21 Dec 2015 19:38:29,365  INFO ErrorProcessor - REST
Sending Binary payload Size : 1285 bytes
[AD Thread Pool-Global2] 21 Dec 2015 19:38:29,405  INFO ErrorProcessor - REST - Reading Binary response - URL [null] - Size [1670]
********BT Registration Data********
<registered-backends>
Size : 0
<registered-backends/>
<business-transactions>
Size : 0
<business-transactions/>
<application-diagnostic-data>
Size : 1
<ERROR>::<{java.net.SocketException:=69}>
<application-diagnostic-data/>
<unregistered-backends>
Size : 0
<unregistered-backends/>
<Status Message>
No transactions sent by agent to register
<Status Message/>
<resolved-backend-calls>
Size : 1
<5>::<NodeResolutionInfo[exitPointType=JMS, exitPointSubtype=JMS, properties=[Name:DESTINATION_NAME, Value:SE-LabOfDeath, Name:DESTINATION_TYPE, Value:QUEUE, Name:VENDOR, Value:JMS Server]]>
<resolved-backend-calls/>
<unregistered-transactions>
Size : 0
<unregistered-transactions/>
<invalid-backends>
Size : 0
<invalid-backends/>
<invalid-business-transactions>
Size : 0
<invalid-business-transactions/>

[AD Thread Pool-Global2] 21 Dec 2015 19:38:29,409  INFO ErrorProcessor - REST - Sending Binary request - URL [/controller/instance/3/btregistration] 
********BT Registration Data********
<account-key>
369f11ab-fca9-48d5-ba27-98dc4c281d52
<account-key/>
<application-diagnostic-data>
Size : 1
<ApplicationDiagnosticData{key='java.net.SocketException:82812774', name=java.net.SocketException:, diagnosticType=STACK_TRACE, configEntities=[Type:ERROR, id:69], summary='java.net.SocketException:'}>
<application-diagnostic-data/>
<node-id>
9
<node-id/>

[AD Thread Pool-Global2] 21 Dec 2015 19:38:29,412  INFO ErrorProcessor - REST
Sending Binary payload Size : 3062 bytes
[AD Thread Pool-Global2] 21 Dec 2015 19:38:29,454  INFO ErrorProcessor - REST - Reading Binary response - URL [null] - Size [1684]
********BT Registration Data********
<registered-backends>
Size : 0
<registered-backends/>
<business-transactions>
Size : 0
<business-transactions/>
<application-diagnostic-data>
Size : 1
<STACK_TRACE>::<{java.net.SocketException:82812774=70}>
<application-diagnostic-data/>
<unregistered-backends>
Size : 0
<unregistered-backends/>
<Status Message>
No transactions sent by agent to register
<Status Message/>
<resolved-backend-calls>
Size : 1
<5>::<NodeResolutionInfo[exitPointType=JMS, exitPointSubtype=JMS, properties=[Name:DESTINATION_NAME, Value:SE-LabOfDeath, Name:DESTINATION_TYPE, Value:QUEUE, Name:VENDOR, Value:JMS Server]]>
<resolved-backend-calls/>
<unregistered-transactions>
Size : 0
<unregistered-transactions/>
<invalid-backends>
Size : 0
<invalid-backends/>
<invalid-business-transactions>
Size : 0
<invalid-business-transactions/>

[AD Thread-Metric Reporter0] 21 Dec 2015 19:39:28,752  INFO MetricSender - Sending REST request - URL [/controller/instance/3/metricregistration]
<request>
<node-id>9</node-id>
<agent-type>APP_AGENT</agent-type>
<metric	time-rollup-type="AVERAGE"	name="BTM|Application Diagnostic Data|Error:69|Errors per Minute"	hole-fill-type="RATE_COUNTER"	cluster-rollup-type="COLLECTIVE"/>
<account-key>369f11ab-fca9-48d5-ba27-98dc4c281d52</account-key>
</request>

[AD Thread-Metric Reporter0] 21 Dec 2015 19:39:28,780  INFO MetricSender - REST Response Received - URL [/controller/instance/3/metricregistration]
<request>
<metric	id="3925"	name="BTM|Application Diagnostic Data|Error:69|Errors per Minute"/>
</request>

